Loading cached sentence diagrams...
All diagrams ready.
Found 0 problematic sentences.
Loading cached sentence circuits...
Circuits generated.
Building model with 65 unique circuits.
Model loaded.
Total Parameters: 646
 - XOR Net (Neural) Parameters: 61
 - Circuit (Quantum) Parameters: 585
Start training...
Gradient Norms -- XOR Net: 0.0863, Circuit Params: 0.1119
Gradient Norms -- XOR Net: 0.0576, Circuit Params: 0.0798
Epoch 0: Train Loss = 0.1704, Dev MSE = 0.1309
Gradient Norms -- XOR Net: 0.0237, Circuit Params: 0.0687
Gradient Norms -- XOR Net: 0.1439, Circuit Params: 0.2128
Gradient Norms -- XOR Net: 0.0546, Circuit Params: 0.0513
Gradient Norms -- XOR Net: 0.0184, Circuit Params: 0.0444
Gradient Norms -- XOR Net: 0.0231, Circuit Params: 0.0362
Gradient Norms -- XOR Net: 0.0419, Circuit Params: 0.0666
Gradient Norms -- XOR Net: 0.0200, Circuit Params: 0.0352
Gradient Norms -- XOR Net: 0.0115, Circuit Params: 0.1179
Gradient Norms -- XOR Net: 0.0312, Circuit Params: 0.0565
Gradient Norms -- XOR Net: 0.0752, Circuit Params: 0.1909
Epoch 5: Train Loss = 0.1834, Dev MSE = 0.1446
Gradient Norms -- XOR Net: 0.0267, Circuit Params: 0.0377
Gradient Norms -- XOR Net: 0.0456, Circuit Params: 0.3245
Gradient Norms -- XOR Net: 0.0306, Circuit Params: 0.0602
Gradient Norms -- XOR Net: 0.0615, Circuit Params: 0.1774
Gradient Norms -- XOR Net: 0.0363, Circuit Params: 0.1521
Gradient Norms -- XOR Net: 0.0401, Circuit Params: 0.0987
Gradient Norms -- XOR Net: 0.0371, Circuit Params: 0.0693
Gradient Norms -- XOR Net: 0.0368, Circuit Params: 1.4017
Gradient Norms -- XOR Net: 0.0195, Circuit Params: 0.4811
Gradient Norms -- XOR Net: 0.0679, Circuit Params: 0.1408
Epoch 10: Train Loss = 0.1271, Dev MSE = 0.0996
Gradient Norms -- XOR Net: 0.0469, Circuit Params: 0.1151
Gradient Norms -- XOR Net: 0.0547, Circuit Params: 0.1294
Gradient Norms -- XOR Net: 0.0831, Circuit Params: 0.1525
Gradient Norms -- XOR Net: 0.0261, Circuit Params: 0.1162
Gradient Norms -- XOR Net: 0.0222, Circuit Params: 0.1118
Gradient Norms -- XOR Net: 0.0841, Circuit Params: 0.2952
Gradient Norms -- XOR Net: 0.0356, Circuit Params: 0.1819
Gradient Norms -- XOR Net: 0.0918, Circuit Params: 0.4498
Gradient Norms -- XOR Net: 0.0262, Circuit Params: 0.2419
Gradient Norms -- XOR Net: 0.0889, Circuit Params: 0.3788
Epoch 15: Train Loss = 0.1528, Dev MSE = 0.1626
Gradient Norms -- XOR Net: 0.0194, Circuit Params: 0.3603
Gradient Norms -- XOR Net: 0.1003, Circuit Params: 0.5873
Gradient Norms -- XOR Net: 0.0229, Circuit Params: 0.1731
Gradient Norms -- XOR Net: 0.0763, Circuit Params: 0.2108
Gradient Norms -- XOR Net: 0.0123, Circuit Params: 0.1697
Gradient Norms -- XOR Net: 0.0653, Circuit Params: 0.3811
Gradient Norms -- XOR Net: 0.0330, Circuit Params: 0.1709
Gradient Norms -- XOR Net: 0.0700, Circuit Params: 0.5585
Gradient Norms -- XOR Net: 0.0205, Circuit Params: 0.1277
Gradient Norms -- XOR Net: 0.0613, Circuit Params: 0.3931
Epoch 20: Train Loss = 0.1507, Dev MSE = 0.1265
Gradient Norms -- XOR Net: 0.0420, Circuit Params: 0.2034
Gradient Norms -- XOR Net: 0.0195, Circuit Params: 0.1062
Gradient Norms -- XOR Net: 0.0465, Circuit Params: 0.1724
Gradient Norms -- XOR Net: 0.1089, Circuit Params: 0.3519
Gradient Norms -- XOR Net: 0.0271, Circuit Params: 0.1324
Gradient Norms -- XOR Net: 0.0485, Circuit Params: 0.0823
Gradient Norms -- XOR Net: 0.0669, Circuit Params: 0.1510
Gradient Norms -- XOR Net: 0.0777, Circuit Params: 1.0111
Gradient Norms -- XOR Net: 0.0724, Circuit Params: 0.1008
Gradient Norms -- XOR Net: 0.0719, Circuit Params: 0.4628
Epoch 25: Train Loss = 0.1182, Dev MSE = 0.1936
Gradient Norms -- XOR Net: 0.0651, Circuit Params: 0.3670
Gradient Norms -- XOR Net: 0.0710, Circuit Params: 0.1542
Gradient Norms -- XOR Net: 0.0626, Circuit Params: 0.2181
Gradient Norms -- XOR Net: 0.0492, Circuit Params: 0.2502
Gradient Norms -- XOR Net: 0.0567, Circuit Params: 0.1446
Gradient Norms -- XOR Net: 0.0871, Circuit Params: 0.0805
Early stopping.
best model on test dataset has MSE 0.1311866679352599
Training curve saved as train.png.
Training logs saved to training_log.csv.
